# JRE version: OpenJDK Runtime Environment (11.0.10) (build 11.0.10+0-b96-7249189)
# Java VM: OpenJDK 64-Bit Server VM (11.0.10+0-b96-7249189, mixed mode, tiered, compressed oops, g1 gc, windows-amd64)
Heap:
 garbage-first heap   total 328704K, used 191799K [0x0000000080000000, 0x0000000100000000)
  region size 1024K, 50 young (51200K), 5 survivors (5120K)
 Metaspace       used 138294K, capacity 142723K, committed 142840K, reserved 1173504K
  class space    used 17287K, capacity 18881K, committed 18968K, reserved 1048576K
GC Heap History (20 events):
Event: 392.233 GC heap before
{Heap before GC invocations=98 (full 0):
 garbage-first heap   total 227328K, used 163900K [0x0000000080000000, 0x0000000100000000)
  region size 1024K, 11 young (11264K), 3 survivors (3072K)
 Metaspace       used 133989K, capacity 138297K, committed 138360K, reserved 1169408K
  class space    used 16964K, capacity 18541K, committed 18584K, reserved 1048576K
}
Event: 392.249 GC heap after
{Heap after GC invocations=99 (full 0):
 garbage-first heap   total 273408K, used 154447K [0x0000000080000000, 0x0000000100000000)
  region size 1024K, 1 young (1024K), 1 survivors (1024K)
 Metaspace       used 133989K, capacity 138297K, committed 138360K, reserved 1169408K
  class space    used 16964K, capacity 18541K, committed 18584K, reserved 1048576K
}
Event: 392.516 GC heap before
{Heap before GC invocations=99 (full 0):
 garbage-first heap   total 273408K, used 198479K [0x0000000080000000, 0x0000000100000000)
  region size 1024K, 44 young (45056K), 1 survivors (1024K)
 Metaspace       used 134003K, capacity 138297K, committed 138360K, reserved 1169408K
  class space    used 16964K, capacity 18541K, committed 18584K, reserved 1048576K
}
Event: 392.521 GC heap after
{Heap after GC invocations=100 (full 0):
 garbage-first heap   total 273408K, used 154123K [0x0000000080000000, 0x0000000100000000)
  region size 1024K, 1 young (1024K), 1 survivors (1024K)
 Metaspace       used 134003K, capacity 138297K, committed 138360K, reserved 1169408K
  class space    used 16964K, capacity 18541K, committed 18584K, reserved 1048576K
}
Event: 393.224 GC heap before
{Heap before GC invocations=101 (full 0):
 garbage-first heap   total 273408K, used 217611K [0x0000000080000000, 0x0000000100000000)
  region size 1024K, 49 young (50176K), 1 survivors (1024K)
 Metaspace       used 136458K, capacity 140762K, committed 141176K, reserved 1171456K
  class space    used 17149K, capacity 18711K, committed 18840K, reserved 1048576K
}
Event: 393.233 GC heap after
{Heap after GC invocations=102 (full 0):
 garbage-first heap   total 273408K, used 158834K [0x0000000080000000, 0x0000000100000000)
  region size 1024K, 5 young (5120K), 5 survivors (5120K)
 Metaspace       used 136458K, capacity 140762K, committed 141176K, reserved 1171456K
  class space    used 17149K, capacity 18711K, committed 18840K, reserved 1048576K
}
Event: 393.668 GC heap before
{Heap before GC invocations=102 (full 0):
 garbage-first heap   total 273408K, used 209010K [0x0000000080000000, 0x0000000100000000)
  region size 1024K, 55 young (56320K), 5 survivors (5120K)
 Metaspace       used 136974K, capacity 141329K, committed 141688K, reserved 1171456K
  class space    used 17187K, capacity 18749K, committed 18840K, reserved 1048576K
}
Event: 393.685 GC heap after
{Heap after GC invocations=103 (full 0):
 garbage-first heap   total 273408K, used 159376K [0x0000000080000000, 0x0000000100000000)
  region size 1024K, 3 young (3072K), 3 survivors (3072K)
 Metaspace       used 136974K, capacity 141329K, committed 141688K, reserved 1171456K
  class space    used 17187K, capacity 18749K, committed 18840K, reserved 1048576K
}
Event: 394.319 GC heap before
{Heap before GC invocations=104 (full 0):
 garbage-first heap   total 273408K, used 197264K [0x0000000080000000, 0x0000000100000000)
  region size 1024K, 55 young (56320K), 3 survivors (3072K)
 Metaspace       used 137830K, capacity 142160K, committed 142328K, reserved 1173504K
  class space    used 17260K, capacity 18831K, committed 18968K, reserved 1048576K
}
Event: 394.329 GC heap after
{Heap after GC invocations=105 (full 0):
 garbage-first heap   total 273408K, used 149982K [0x0000000080000000, 0x0000000100000000)
  region size 1024K, 7 young (7168K), 7 survivors (7168K)
 Metaspace       used 137830K, capacity 142160K, committed 142328K, reserved 1173504K
  class space    used 17260K, capacity 18831K, committed 18968K, reserved 1048576K
}
Event: 394.389 GC heap before
{Heap before GC invocations=105 (full 0):
 garbage-first heap   total 273408K, used 155102K [0x0000000080000000, 0x0000000100000000)
  region size 1024K, 13 young (13312K), 7 survivors (7168K)
 Metaspace       used 137911K, capacity 142274K, committed 142584K, reserved 1173504K
  class space    used 17272K, capacity 18869K, committed 18968K, reserved 1048576K
}
Event: 394.405 GC heap after
{Heap after GC invocations=106 (full 0):
 garbage-first heap   total 328704K, used 134177K [0x0000000080000000, 0x0000000100000000)
  region size 1024K, 1 young (1024K), 1 survivors (1024K)
 Metaspace       used 137911K, capacity 142274K, committed 142584K, reserved 1173504K
  class space    used 17272K, capacity 18869K, committed 18968K, reserved 1048576K
}
Event: 396.891 GC heap before
{Heap before GC invocations=106 (full 0):
 garbage-first heap   total 328704K, used 202785K [0x0000000080000000, 0x0000000100000000)
  region size 1024K, 70 young (71680K), 1 survivors (1024K)
 Metaspace       used 138019K, capacity 142435K, committed 142584K, reserved 1173504K
  class space    used 17285K, capacity 18878K, committed 18968K, reserved 1048576K
}
Event: 396.901 GC heap after
{Heap after GC invocations=107 (full 0):
 garbage-first heap   total 328704K, used 136486K [0x0000000080000000, 0x0000000100000000)
  region size 1024K, 4 young (4096K), 4 survivors (4096K)
 Metaspace       used 138019K, capacity 142435K, committed 142584K, reserved 1173504K
  class space    used 17285K, capacity 18878K, committed 18968K, reserved 1048576K
}
Event: 398.228 GC heap before
{Heap before GC invocations=108 (full 0):
 garbage-first heap   total 328704K, used 240934K [0x0000000080000000, 0x0000000100000000)
  region size 1024K, 101 young (103424K), 4 survivors (4096K)
 Metaspace       used 138201K, capacity 142640K, committed 142840K, reserved 1173504K
  class space    used 17286K, capacity 18878K, committed 18968K, reserved 1048576K
}
Event: 398.232 GC heap after
{Heap after GC invocations=109 (full 0):
 garbage-first heap   total 328704K, used 138392K [0x0000000080000000, 0x0000000100000000)
  region size 1024K, 4 young (4096K), 4 survivors (4096K)
 Metaspace       used 138201K, capacity 142640K, committed 142840K, reserved 1173504K
  class space    used 17286K, capacity 18878K, committed 18968K, reserved 1048576K
}
Event: 398.274 GC heap before
{Heap before GC invocations=109 (full 0):
 garbage-first heap   total 328704K, used 149656K [0x0000000080000000, 0x0000000100000000)
  region size 1024K, 16 young (16384K), 4 survivors (4096K)
 Metaspace       used 138206K, capacity 142640K, committed 142840K, reserved 1173504K
  class space    used 17286K, capacity 18878K, committed 18968K, reserved 1048576K
}
Event: 398.282 GC heap after
{Heap after GC invocations=110 (full 0):
 garbage-first heap   total 328704K, used 137360K [0x0000000080000000, 0x0000000100000000)
  region size 1024K, 2 young (2048K), 2 survivors (2048K)
 Metaspace       used 138206K, capacity 142640K, committed 142840K, reserved 1173504K
  class space    used 17286K, capacity 18878K, committed 18968K, reserved 1048576K
}
Event: 398.380 GC heap before
{Heap before GC invocations=110 (full 0):
 garbage-first heap   total 328704K, used 144528K [0x0000000080000000, 0x0000000100000000)
  region size 1024K, 11 young (11264K), 2 survivors (2048K)
 Metaspace       used 138211K, capacity 142641K, committed 142840K, reserved 1173504K
  class space    used 17286K, capacity 18878K, committed 18968K, reserved 1048576K
}
Event: 398.388 GC heap after
{Heap after GC invocations=111 (full 0):
 garbage-first heap   total 328704K, used 139575K [0x0000000080000000, 0x0000000100000000)
  region size 1024K, 5 young (5120K), 5 survivors (5120K)
 Metaspace       used 138211K, capacity 142641K, committed 142840K, reserved 1173504K
  class space    used 17286K, capacity 18878K, committed 18968K, reserved 1048576K
}

